<?xml version="1.0" encoding="UTF-8"?>
<testng-results ignored="0" total="1" passed="1" failed="0" skipped="0">
  <reporter-output>
  </reporter-output>
  <suite started-at="2022-02-03T11:59:17 PKT" name="Default suite" finished-at="2022-02-03T11:59:47 PKT" duration-ms="30493">
    <groups>
    </groups>
    <test started-at="2022-02-03T11:59:17 PKT" name="Default test" finished-at="2022-02-03T11:59:47 PKT" duration-ms="30493">
      <class name="Automation.BasicAppium">
        <test-method signature="FirstTest()[pri:0, instance:Automation.BasicAppium@dc7df28]" started-at="2022-02-03T11:59:17 PKT" name="FirstTest" finished-at="2022-02-03T11:59:47 PKT" duration-ms="30445" status="PASS">
          <reporter-output>
          </reporter-output>
        </test-method> <!-- FirstTest -->
      </class> <!-- Automation.BasicAppium -->
    </test> <!-- Default test -->
  </suite> <!-- Default suite -->
</testng-results>
